[2020-01-06T09:45:58.440][ INFO  31044  App] 1 user
[2020-01-06T09:46:12.202][ INFO  31044  App] 1 user
[2020-01-06T09:46:22.693][ INFO  31044  App] 1 user
[2020-01-06T09:46:39.221][ INFO  31044  App] 1 user
[2020-01-06T10:23:01.276][ INFO  31044  App] 1 user
[2020-01-06T10:35:19.735][ INFO  31044  App] 1 user
[2020-01-06T10:36:33.302][ INFO  31044  App] 1 user
[2020-01-06T10:37:01.277][ INFO  31044  App] 1 user
[2020-01-06T10:37:16.407][ INFO  31044  App] 1 user
[2020-01-06T10:37:56.619][ INFO  31044  App] 1 user
[2020-01-06T10:40:08.498][ INFO  31044  App] 1 user
[2020-01-06T10:40:14.029][ INFO  31044  App] 1 user
[2020-01-06T10:40:30.665][ INFO  31044  App] 1 user
[2020-01-06T10:42:56.338][ INFO  31044  App] 1 user
[2020-01-06T10:43:46.395][ INFO  31044  App] 1 user
[2020-01-06T10:44:09.883][ INFO  31044  App] 1 user
[2020-01-06T10:44:40.841][ INFO  31044  App] 1 user
[2020-01-06T10:44:55.364][ INFO  31044  App] 1 user
[2020-01-06T10:45:13.713][ INFO  31044  App] 1 user
[2020-01-06T10:45:48.025][ INFO  31044  App] 1 user
[2020-01-06T10:46:41.449][ INFO  31044  App] 1 user
[2020-01-06T10:47:08.686][ INFO  31044  App] 1 user
[2020-01-06T10:48:02.112][ INFO  31044  App] 1 user
[2020-01-06T10:49:05.443][ INFO  31044  App] 1 user
[2020-01-06T10:57:39.368][ INFO  31044  App] 1 user
[2020-01-06T11:00:56.183][ INFO  31044  App] 1 user
[2020-01-06T11:02:48.638][ INFO  31044  App] 1 user
[2020-01-06T11:08:25.445][ INFO  31044  App] 1 user
[2020-01-06T11:09:21.377][ INFO  31044  App] 1 user
[2020-01-06T11:10:06.628][ INFO  31044  App] 1 user
[2020-01-06T11:11:54.362][ INFO  31044  App] 1 user
[2020-01-06T11:12:15.859][ INFO  31044  App] 1 user
[2020-01-06T11:13:11.663][ INFO  31044  App] 1 user
[2020-01-06T11:13:43.261][ INFO  31044  App] 1 user
[2020-01-06T11:21:42.304][ INFO  31044  App] 1 user
[2020-01-06T11:21:56.083][ INFO  31044  App] 1 user
[2020-01-06T13:06:58.765][ INFO  31044  App] 1 user
[2020-01-06T13:09:20.489][ INFO  31044  App] 1 user
[2020-01-06T13:10:53.714][ INFO  31044  App] 1 user
[2020-01-06T13:14:04.673][ INFO  31044  App] 1 user
[2020-01-06T13:20:05.037][ INFO  31044  App] 1 user
[2020-01-06T13:32:34.752][ INFO  31044  App] 1 user
[2020-01-06T13:34:06.589][ INFO  31044  App] 1 user
[2020-01-06T13:34:23.699][ INFO  31044  App] 1 user
[2020-01-06T13:34:29.243][ INFO  31044  App] 1 user
[2020-01-06T13:35:12.752][ INFO  31044  App] 1 user
[2020-01-06T13:35:27.229][ INFO  31044  App] 1 user
[2020-01-06T13:35:41.690][ INFO  31044  App] 1 user
[2020-01-06T13:37:20.299][ INFO  31044  App] 1 user
[2020-01-06T13:38:17.444][ INFO  31044  App] 1 user
[2020-01-06T13:38:39.961][ INFO  31044  App] 1 user
[2020-01-06T13:39:28.979][ INFO  31044  App] 1 user
[2020-01-06T13:40:20.836][ INFO  31044  App] 1 user
[2020-01-06T13:42:15.208][ INFO  31044  App] 1 user
[2020-01-06T13:42:30.754][ INFO  31044  App] 1 user
[2020-01-06T13:43:03.313][ INFO  31044  App] 1 user
[2020-01-06T13:45:57.706][ INFO  31044  App] 1 user
[2020-01-06T13:46:12.473][ INFO  31044  App] 1 user
[2020-01-06T13:46:58.904][ INFO  31044  App] 1 user
[2020-01-06T13:47:51.146][ INFO  31044  App] 1 user
[2020-01-06T13:48:25.202][ INFO  31044  App] 1 user
[2020-01-06T13:49:03.725][ INFO  31044  App] 1 user
[2020-01-06T13:49:19.544][ INFO  31044  App] 1 user
[2020-01-06T13:49:25.949][ INFO  31044  App] 1 user
[2020-01-06T13:49:45.188][ INFO  31044  App] 1 user
[2020-01-06T13:50:37.743][ INFO  31044  App] 1 user
[2020-01-06T13:50:58.962][ INFO  31044  App] 1 user
[2020-01-06T13:51:44.853][ INFO  31044  App] 1 user
[2020-01-06T13:51:56.873][ INFO  31044  App] 1 user
[2020-01-06T13:52:16.586][ INFO  31044  App] 1 user
[2020-01-06T13:52:30.944][ INFO  31044  App] 1 user
[2020-01-06T13:55:24.570][ INFO  31044  App] 1 user
[2020-01-06T13:56:10.920][ INFO  31044  App] 1 user
[2020-01-06T13:58:42.443][ INFO  31044  App] 1 user
[2020-01-06T13:59:14.382][ INFO  31044  App] 1 user
[2020-01-06T13:59:45.150][ INFO  31044  App] 1 user
[2020-01-06T14:00:12.384][ INFO  31044  App] 1 user
[2020-01-06T14:00:45.310][ INFO  31044  App] 1 user
[2020-01-06T14:00:58.583][ INFO  31044  App] 1 user
[2020-01-06T14:01:39.785][ INFO  31044  App] 1 user
[2020-01-06T14:01:47.161][ INFO  31044  App] 1 user
[2020-01-06T14:02:02.388][ INFO  31044  App] 1 user
[2020-01-06T14:02:29.775][ INFO  31044  App] 1 user
[2020-01-06T14:02:44.308][ INFO  31044  App] 1 user
[2020-01-06T14:02:59.774][ INFO  31044  App] 1 user
[2020-01-06T14:03:53.223][ INFO  31044  App] 1 user
[2020-01-06T14:04:19.197][ INFO  31044  App] 1 user
[2020-01-06T14:05:19.766][ INFO  31044  App] 1 user
[2020-01-06T14:05:50.680][ INFO  31044  App] 1 user
[2020-01-06T14:06:34.905][ INFO  31044  App] 1 user
[2020-01-06T14:07:42.370][ INFO  31044  App] 1 user
[2020-01-06T14:08:22.653][ INFO  31044  App] 1 user
[2020-01-06T14:08:37.213][ INFO  31044  App] 1 user
[2020-01-06T14:08:39.701][ INFO  31044  App] 1 user
[2020-01-06T14:08:49.399][ INFO  31044  App] 1 user
[2020-01-06T14:09:51.895][ INFO  31044  App] 1 user
[2020-01-06T14:10:00.755][ INFO  31044  App] 1 user
[2020-01-06T14:10:10.951][ INFO  31044  App] 1 user
[2020-01-06T14:11:05.878][ INFO  31044  App] 1 user
[2020-01-06T14:11:28.604][ INFO  31044  App] 1 user
[2020-01-06T14:11:38.800][ INFO  31044  App] 1 user
[2020-01-06T14:12:03.802][ INFO  31044  App] 1 user
[2020-01-06T14:12:17.063][ INFO  31044  App] 1 user
[2020-01-06T14:12:23.521][ INFO  31044  App] 1 user
[2020-01-06T14:12:50.515][ INFO  31044  App] 1 user
[2020-01-06T14:13:05.660][ INFO  31044  App] 1 user
[2020-01-06T14:13:19.112][ INFO  31044  App] 1 user
[2020-01-06T14:13:42.853][ INFO  31044  App] 1 user
[2020-01-06T14:14:01.321][ INFO  31044  App] 1 user
[2020-01-06T14:14:08.061][ INFO  31044  App] 1 user
[2020-01-06T14:14:28.070][ INFO  31044  App] 1 user
[2020-01-06T14:15:56.258][ INFO  31044  App] 1 user
[2020-01-06T14:16:00.606][ INFO  31044  App] 1 user
[2020-01-06T14:16:22.919][ INFO  31044  App] 1 user
[2020-01-06T14:17:14.451][ INFO  31044  App] 1 user
[2020-01-06T14:17:35.427][ INFO  31044  App] 1 user
[2020-01-06T14:33:03.742][ INFO  31044  App] 1 user
[2020-01-06T14:34:21.036][ INFO  31044  App] 1 user
[2020-01-06T14:37:35.112][ INFO  31044  App] 1 user
[2020-01-06T14:37:51.091][ INFO  31044  App] 1 user
[2020-01-06T14:38:28.626][ INFO  31044  App] 1 user
[2020-01-06T14:38:46.463][ INFO  31044  App] 1 user
[2020-01-06T14:39:08.082][ INFO  31044  App] 1 user
[2020-01-06T14:40:28.936][ INFO  31044  App] 1 user
[2020-01-06T14:40:33.350][ INFO  31044  App] 1 user
[2020-01-06T14:41:14.548][ INFO  31044  App] 1 user
[2020-01-06T14:53:44.496][ INFO  31044  App] 1 user
[2020-01-06T14:54:16.901][ INFO  31044  App] 1 user
[2020-01-06T14:54:47.042][ INFO  31044  App] 1 user
[2020-01-06T14:54:52.422][ INFO  31044  App] 1 user
[2020-01-06T14:55:59.489][ INFO  31044  App] 1 user
[2020-01-06T15:15:35.244][ INFO  31044  App] 1 user
[2020-01-06T15:15:38.225][ INFO  31044  App] 1 user
[2020-01-06T15:17:37.174][ INFO  31044  App] 1 user
[2020-01-06T15:17:50.243][ INFO  31044  App] 1 user
[2020-01-06T15:18:11.184][ INFO  31044  App] 1 user
[2020-01-06T15:21:42.308][ INFO  31044  App] 1 user
[2020-01-06T15:21:57.888][ INFO  31044  App] 1 user
[2020-01-06T15:22:21.372][ INFO  31044  App] 1 user
[2020-01-06T15:32:12.442][ INFO  31044  App] 1 user
[2020-01-06T15:34:23.830][ INFO  31044  App] 1 user
[2020-01-06T15:36:07.144][ INFO  31044  App] 1 user
[2020-01-06T15:36:36.628][ INFO  31044  App] 1 user
[2020-01-06T15:37:29.041][ INFO  31044  App] 1 user
[2020-01-06T15:38:00.768][ INFO  31044  App] 1 user
[2020-01-06T15:38:16.349][ INFO  31044  App] 1 user
[2020-01-06T15:39:16.915][ INFO  31044  App] 1 user
[2020-01-06T15:39:37.470][ INFO  31044  App] 1 user
[2020-01-06T15:39:47.871][ INFO  31044  App] 1 user
[2020-01-06T15:40:06.825][ INFO  31044  App] 1 user
[2020-01-06T15:40:18.531][ INFO  31044  App] 1 user
[2020-01-06T15:40:37.591][ INFO  31044  App] 1 user
[2020-01-06T15:41:16.693][ INFO  31044  App] 1 user
[2020-01-06T15:41:46.040][ INFO  31044  App] 1 user
[2020-01-06T15:42:39.587][ INFO  31044  App] 1 user
[2020-01-06T15:42:50.745][ INFO  31044  App] 1 user
[2020-01-06T15:43:21.425][ INFO  31044  App] 1 user
[2020-01-06T15:43:41.347][ INFO  31044  App] 1 user
[2020-01-06T15:44:19.848][ INFO  31044  App] 1 user
[2020-01-06T15:45:50.175][ INFO  31044  App] 1 user
[2020-01-06T15:46:09.936][ INFO  31044  App] 1 user
[2020-01-06T15:46:31.926][ INFO  31044  App] 1 user
[2020-01-06T15:46:41.443][ INFO  31044  App] 1 user
[2020-01-06T15:47:41.323][ INFO  31044  App] 1 user
[2020-01-06T15:48:04.243][ INFO  31044  App] 1 user
[2020-01-06T15:48:36.267][ INFO  31044  App] 1 user
[2020-01-06T15:48:54.283][ INFO  31044  App] 1 user
[2020-01-06T15:49:24.195][ INFO  31044  App] 1 user
[2020-01-06T15:50:02.853][ INFO  31044  App] 1 user
[2020-01-06T15:50:29.236][ INFO  31044  App] 1 user
[2020-01-06T15:54:04.793][ INFO  31044  App] 1 user
[2020-01-06T15:54:15.867][ INFO  31044  App] 1 user
[2020-01-06T15:55:12.300][ INFO  31044  Client-GroupAccounts] group
[2020-01-06T15:55:12.300][ INFO  31044  Client-GroupAccounts] {
  kId: '0x01FDC7C688A0f92b2EC5CB606Bb22b377222575d',
  pageSize: 10,
  pageNum: 0
}
[2020-01-06T15:55:12.307][ INFO  31044  Client-GroupAccounts] {
  member: {
    '$elemMatch': { kId: '0x01FDC7C688A0f92b2EC5CB606Bb22b377222575d' }
  }
}
[2020-01-06T16:00:19.550][ INFO  31044  App] 1 user
[2020-01-06T16:02:12.292][ INFO  31044  App] 1 user
[2020-01-06T16:02:28.294][ INFO  31044  App] 1 user
[2020-01-06T16:02:37.475][ INFO  31044  App] 1 user
[2020-01-06T16:02:44.659][ INFO  31044  App] 1 user
[2020-01-06T16:02:53.585][ INFO  31044  App] 1 user
[2020-01-06T16:02:59.188][ INFO  31044  App] 1 user
[2020-01-06T16:10:18.157][ INFO  31044  Client-GroupTxns] group
[2020-01-06T16:10:18.158][ INFO  31044  Client-GroupTxns] {
  coinType: 'FSN',
  from: '0x5F0ed10E509Ae2b54AF6dEDD9b6e13E49d360bFB',
  pageSize: 10,
  pageNum: 0
}
[2020-01-06T16:10:18.158][ INFO  31044  Client-GroupTxns] { from: '0x5F0ed10E509Ae2b54AF6dEDD9b6e13E49d360bFB', coinType: 'FSN' }
[2020-01-06T16:10:23.660][ INFO  31044  Client-GroupAccounts] group
[2020-01-06T16:10:23.660][ INFO  31044  Client-GroupAccounts] {
  kId: '0x01FDC7C688A0f92b2EC5CB606Bb22b377222575d',
  pageSize: 10,
  pageNum: 0
}
[2020-01-06T16:10:23.661][ INFO  31044  Client-GroupAccounts] {
  member: {
    '$elemMatch': { kId: '0x01FDC7C688A0f92b2EC5CB606Bb22b377222575d' }
  }
}
[2020-01-06T16:21:20.371][ INFO  31044  App] 1 user
[2020-01-06T16:21:50.984][ INFO  31044  App] 1 user
[2020-01-06T16:29:18.560][ INFO  31044  App] 1 user
[2020-01-06T16:30:00.142][ INFO  31044  App] 1 user
[2020-01-06T16:31:11.366][ INFO  31044  App] 1 user
[2020-01-06T16:31:34.862][ INFO  31044  App] 1 user
[2020-01-06T16:32:22.932][ INFO  31044  App] 1 user
[2020-01-06T16:32:35.364][ INFO  31044  App] 1 user
[2020-01-06T16:42:20.696][ INFO  31044  App] 1 user
[2020-01-06T16:42:37.181][ INFO  31044  App] 1 user
[2020-01-06T16:42:43.684][ INFO  31044  App] 1 user
[2020-01-06T16:42:53.493][ INFO  31044  App] 1 user
[2020-01-06T16:48:23.218][ INFO  31044  App] 1 user
[2020-01-06T16:48:30.297][ INFO  31044  App] 1 user
[2020-01-06T16:49:34.859][ INFO  31044  App] 1 user
[2020-01-06T16:50:20.821][ INFO  31044  App] 1 user
[2020-01-06T16:51:16.129][ INFO  31044  App] 1 user
[2020-01-06T16:52:19.208][ INFO  31044  App] 1 user
[2020-01-06T16:53:33.531][ INFO  31044  App] 1 user
[2020-01-06T17:17:22.132][ INFO  31044  App] 1 user
[2020-01-06T17:17:43.874][ INFO  31044  App] 1 user
[2020-01-06T17:18:09.232][ INFO  31044  App] 1 user
[2020-01-06T17:18:27.046][ INFO  31044  App] 1 user
[2020-01-06T18:07:57.371][ INFO  31044  App] 1 user
[2020-01-06T18:09:16.708][ INFO  31044  App] 1 user
[2020-01-06T18:10:07.108][ INFO  31044  App] 1 user
[2020-01-06T18:10:30.228][ INFO  31044  App] 1 user
[2020-01-06T18:10:40.725][ INFO  31044  App] 1 user
